C:\USERS\JM\DESKTOP\공부\종합프로젝트\코드\동적할당\160330\DEBUG\160330.EXE.EMBED.MANIFEST.RES
C:\USERS\JM\DESKTOP\공부\종합프로젝트\코드\동적할당\160330\DEBUG\160330.EXE.INTERMEDIATE.MANIFEST
C:\USERS\JM\DESKTOP\공부\종합프로젝트\코드\동적할당\160330\DEBUG\CVEX0101.OBJ
C:\USERS\JM\DESKTOP\공부\종합프로젝트\코드\동적할당\160330\DEBUG\MAGNETICLASSO.OBJ
C:\USERS\JM\DESKTOP\공부\종합프로젝트\코드\동적할당\160330\DEBUG\MAIN.OBJ
C:\USERS\JM\DESKTOP\공부\종합프로젝트\코드\동적할당\160330\DEBUG\PHOTO.OBJ
C:\USERS\JM\DESKTOP\공부\종합프로젝트\코드\동적할당\160330\DEBUG\SKILL.OBJ
C:\USERS\JM\DESKTOP\공부\종합프로젝트\코드\동적할당\160330\DEBUG\VC100.PDB
C:\USERS\JM\DESKTOP\공부\종합프로젝트\코드\동적할당\DEBUG\160330.EXE
C:\USERS\JM\DESKTOP\공부\종합프로젝트\코드\동적할당\DEBUG\160330.ILK
C:\USERS\JM\DESKTOP\공부\종합프로젝트\코드\동적할당\DEBUG\160330.PDB
C:\Users\sungshin\Desktop\동적할당 0512\160330\Debug\160330.exe.embed.manifest
C:\Users\sungshin\Desktop\동적할당 0512\160330\Debug\160330.exe.embed.manifest.res
C:\Users\sungshin\Desktop\동적할당 0512\160330\Debug\160330.exe.intermediate.manifest
C:\Users\sungshin\Desktop\동적할당 0512\160330\Debug\160330.vcxprojResolveAssemblyReference.cache
C:\Users\sungshin\Desktop\동적할당 0512\160330\Debug\160330.write.1.tlog
C:\Users\sungshin\Desktop\동적할당 0512\160330\Debug\160330_manifest.rc
C:\Users\sungshin\Desktop\동적할당 0512\160330\Debug\cl.command.1.tlog
C:\Users\sungshin\Desktop\동적할당 0512\160330\Debug\CL.read.1.tlog
C:\Users\sungshin\Desktop\동적할당 0512\160330\Debug\CL.write.1.tlog
C:\Users\sungshin\Desktop\동적할당 0512\160330\Debug\cvEx0101.obj
C:\Users\sungshin\Desktop\동적할당 0512\160330\Debug\link.10456.read.1.tlog
C:\Users\sungshin\Desktop\동적할당 0512\160330\Debug\link.10456.write.1.tlog
C:\Users\sungshin\Desktop\동적할당 0512\160330\Debug\link.10456-cvtres.read.1.tlog
C:\Users\sungshin\Desktop\동적할당 0512\160330\Debug\link.10456-cvtres.write.1.tlog
C:\Users\sungshin\Desktop\동적할당 0512\160330\Debug\link.1112.read.1.tlog
C:\Users\sungshin\Desktop\동적할당 0512\160330\Debug\link.1112.write.1.tlog
C:\Users\sungshin\Desktop\동적할당 0512\160330\Debug\link.1112-cvtres.read.1.tlog
C:\Users\sungshin\Desktop\동적할당 0512\160330\Debug\link.1112-cvtres.write.1.tlog
C:\Users\sungshin\Desktop\동적할당 0512\160330\Debug\link.12128.read.1.tlog
C:\Users\sungshin\Desktop\동적할당 0512\160330\Debug\link.12128.write.1.tlog
C:\Users\sungshin\Desktop\동적할당 0512\160330\Debug\link.12128-cvtres.read.1.tlog
C:\Users\sungshin\Desktop\동적할당 0512\160330\Debug\link.12128-cvtres.write.1.tlog
C:\Users\sungshin\Desktop\동적할당 0512\160330\Debug\link.12504.read.1.tlog
C:\Users\sungshin\Desktop\동적할당 0512\160330\Debug\link.12504.write.1.tlog
C:\Users\sungshin\Desktop\동적할당 0512\160330\Debug\link.12504-cvtres.read.1.tlog
C:\Users\sungshin\Desktop\동적할당 0512\160330\Debug\link.12504-cvtres.write.1.tlog
C:\Users\sungshin\Desktop\동적할당 0512\160330\Debug\link.13568.read.1.tlog
C:\Users\sungshin\Desktop\동적할당 0512\160330\Debug\link.13568.write.1.tlog
C:\Users\sungshin\Desktop\동적할당 0512\160330\Debug\link.13568-cvtres.read.1.tlog
C:\Users\sungshin\Desktop\동적할당 0512\160330\Debug\link.13568-cvtres.write.1.tlog
C:\Users\sungshin\Desktop\동적할당 0512\160330\Debug\link.2356.read.1.tlog
C:\Users\sungshin\Desktop\동적할당 0512\160330\Debug\link.2356.write.1.tlog
C:\Users\sungshin\Desktop\동적할당 0512\160330\Debug\link.2356-cvtres.read.1.tlog
C:\Users\sungshin\Desktop\동적할당 0512\160330\Debug\link.2356-cvtres.write.1.tlog
C:\Users\sungshin\Desktop\동적할당 0512\160330\Debug\link.2396.read.1.tlog
C:\Users\sungshin\Desktop\동적할당 0512\160330\Debug\link.2396.write.1.tlog
C:\Users\sungshin\Desktop\동적할당 0512\160330\Debug\link.2396-cvtres.read.1.tlog
C:\Users\sungshin\Desktop\동적할당 0512\160330\Debug\link.2396-cvtres.write.1.tlog
C:\Users\sungshin\Desktop\동적할당 0512\160330\Debug\link.2680.read.1.tlog
C:\Users\sungshin\Desktop\동적할당 0512\160330\Debug\link.2680.write.1.tlog
C:\Users\sungshin\Desktop\동적할당 0512\160330\Debug\link.2680-cvtres.read.1.tlog
C:\Users\sungshin\Desktop\동적할당 0512\160330\Debug\link.2680-cvtres.write.1.tlog
C:\Users\sungshin\Desktop\동적할당 0512\160330\Debug\link.2864.read.1.tlog
C:\Users\sungshin\Desktop\동적할당 0512\160330\Debug\link.2864.write.1.tlog
C:\Users\sungshin\Desktop\동적할당 0512\160330\Debug\link.2864-cvtres.read.1.tlog
C:\Users\sungshin\Desktop\동적할당 0512\160330\Debug\link.2864-cvtres.write.1.tlog
C:\Users\sungshin\Desktop\동적할당 0512\160330\Debug\link.3608.read.1.tlog
C:\Users\sungshin\Desktop\동적할당 0512\160330\Debug\link.3608.write.1.tlog
C:\Users\sungshin\Desktop\동적할당 0512\160330\Debug\link.3608-cvtres.read.1.tlog
C:\Users\sungshin\Desktop\동적할당 0512\160330\Debug\link.3608-cvtres.write.1.tlog
C:\Users\sungshin\Desktop\동적할당 0512\160330\Debug\link.3680.read.1.tlog
C:\Users\sungshin\Desktop\동적할당 0512\160330\Debug\link.3680.write.1.tlog
C:\Users\sungshin\Desktop\동적할당 0512\160330\Debug\link.3680-cvtres.read.1.tlog
C:\Users\sungshin\Desktop\동적할당 0512\160330\Debug\link.3680-cvtres.write.1.tlog
C:\Users\sungshin\Desktop\동적할당 0512\160330\Debug\link.3980.read.1.tlog
C:\Users\sungshin\Desktop\동적할당 0512\160330\Debug\link.3980.write.1.tlog
C:\Users\sungshin\Desktop\동적할당 0512\160330\Debug\link.3980-cvtres.read.1.tlog
C:\Users\sungshin\Desktop\동적할당 0512\160330\Debug\link.3980-cvtres.write.1.tlog
C:\Users\sungshin\Desktop\동적할당 0512\160330\Debug\link.4196.read.1.tlog
C:\Users\sungshin\Desktop\동적할당 0512\160330\Debug\link.4196.write.1.tlog
C:\Users\sungshin\Desktop\동적할당 0512\160330\Debug\link.4196-cvtres.read.1.tlog
C:\Users\sungshin\Desktop\동적할당 0512\160330\Debug\link.4196-cvtres.write.1.tlog
C:\Users\sungshin\Desktop\동적할당 0512\160330\Debug\link.4304.read.1.tlog
C:\Users\sungshin\Desktop\동적할당 0512\160330\Debug\link.4304.write.1.tlog
C:\Users\sungshin\Desktop\동적할당 0512\160330\Debug\link.4304-cvtres.read.1.tlog
C:\Users\sungshin\Desktop\동적할당 0512\160330\Debug\link.4304-cvtres.write.1.tlog
C:\Users\sungshin\Desktop\동적할당 0512\160330\Debug\link.4396.read.1.tlog
C:\Users\sungshin\Desktop\동적할당 0512\160330\Debug\link.4396.write.1.tlog
C:\Users\sungshin\Desktop\동적할당 0512\160330\Debug\link.4396-cvtres.read.1.tlog
C:\Users\sungshin\Desktop\동적할당 0512\160330\Debug\link.4396-cvtres.write.1.tlog
C:\Users\sungshin\Desktop\동적할당 0512\160330\Debug\link.4476.read.1.tlog
C:\Users\sungshin\Desktop\동적할당 0512\160330\Debug\link.4476.write.1.tlog
C:\Users\sungshin\Desktop\동적할당 0512\160330\Debug\link.4476-cvtres.read.1.tlog
C:\Users\sungshin\Desktop\동적할당 0512\160330\Debug\link.4476-cvtres.write.1.tlog
C:\Users\sungshin\Desktop\동적할당 0512\160330\Debug\link.4836.read.1.tlog
C:\Users\sungshin\Desktop\동적할당 0512\160330\Debug\link.4836.write.1.tlog
C:\Users\sungshin\Desktop\동적할당 0512\160330\Debug\link.4836-cvtres.read.1.tlog
C:\Users\sungshin\Desktop\동적할당 0512\160330\Debug\link.4836-cvtres.write.1.tlog
C:\Users\sungshin\Desktop\동적할당 0512\160330\Debug\link.4968.read.1.tlog
C:\Users\sungshin\Desktop\동적할당 0512\160330\Debug\link.4968.write.1.tlog
C:\Users\sungshin\Desktop\동적할당 0512\160330\Debug\link.4968-cvtres.read.1.tlog
C:\Users\sungshin\Desktop\동적할당 0512\160330\Debug\link.4968-cvtres.write.1.tlog
C:\Users\sungshin\Desktop\동적할당 0512\160330\Debug\link.5032.read.1.tlog
C:\Users\sungshin\Desktop\동적할당 0512\160330\Debug\link.5032.write.1.tlog
C:\Users\sungshin\Desktop\동적할당 0512\160330\Debug\link.5032-cvtres.read.1.tlog
C:\Users\sungshin\Desktop\동적할당 0512\160330\Debug\link.5032-cvtres.write.1.tlog
C:\Users\sungshin\Desktop\동적할당 0512\160330\Debug\link.5240.read.1.tlog
C:\Users\sungshin\Desktop\동적할당 0512\160330\Debug\link.5240.write.1.tlog
C:\Users\sungshin\Desktop\동적할당 0512\160330\Debug\link.5240-cvtres.read.1.tlog
C:\Users\sungshin\Desktop\동적할당 0512\160330\Debug\link.5240-cvtres.write.1.tlog
C:\Users\sungshin\Desktop\동적할당 0512\160330\Debug\link.5260.read.1.tlog
C:\Users\sungshin\Desktop\동적할당 0512\160330\Debug\link.5260.write.1.tlog
C:\Users\sungshin\Desktop\동적할당 0512\160330\Debug\link.5260-cvtres.read.1.tlog
C:\Users\sungshin\Desktop\동적할당 0512\160330\Debug\link.5260-cvtres.write.1.tlog
C:\Users\sungshin\Desktop\동적할당 0512\160330\Debug\link.5700.read.1.tlog
C:\Users\sungshin\Desktop\동적할당 0512\160330\Debug\link.5700.write.1.tlog
C:\Users\sungshin\Desktop\동적할당 0512\160330\Debug\link.5700-cvtres.read.1.tlog
C:\Users\sungshin\Desktop\동적할당 0512\160330\Debug\link.5700-cvtres.write.1.tlog
C:\Users\sungshin\Desktop\동적할당 0512\160330\Debug\link.5760.read.1.tlog
C:\Users\sungshin\Desktop\동적할당 0512\160330\Debug\link.5760.write.1.tlog
C:\Users\sungshin\Desktop\동적할당 0512\160330\Debug\link.5760-cvtres.read.1.tlog
C:\Users\sungshin\Desktop\동적할당 0512\160330\Debug\link.5760-cvtres.write.1.tlog
C:\Users\sungshin\Desktop\동적할당 0512\160330\Debug\link.5972.read.1.tlog
C:\Users\sungshin\Desktop\동적할당 0512\160330\Debug\link.5972.write.1.tlog
C:\Users\sungshin\Desktop\동적할당 0512\160330\Debug\link.5972-cvtres.read.1.tlog
C:\Users\sungshin\Desktop\동적할당 0512\160330\Debug\link.5972-cvtres.write.1.tlog
C:\Users\sungshin\Desktop\동적할당 0512\160330\Debug\link.6204.read.1.tlog
C:\Users\sungshin\Desktop\동적할당 0512\160330\Debug\link.6204.write.1.tlog
C:\Users\sungshin\Desktop\동적할당 0512\160330\Debug\link.6204-cvtres.read.1.tlog
C:\Users\sungshin\Desktop\동적할당 0512\160330\Debug\link.6204-cvtres.write.1.tlog
C:\Users\sungshin\Desktop\동적할당 0512\160330\Debug\link.6348.read.1.tlog
C:\Users\sungshin\Desktop\동적할당 0512\160330\Debug\link.6348.write.1.tlog
C:\Users\sungshin\Desktop\동적할당 0512\160330\Debug\link.6348-cvtres.read.1.tlog
C:\Users\sungshin\Desktop\동적할당 0512\160330\Debug\link.6348-cvtres.write.1.tlog
C:\Users\sungshin\Desktop\동적할당 0512\160330\Debug\link.6724.read.1.tlog
C:\Users\sungshin\Desktop\동적할당 0512\160330\Debug\link.6724.write.1.tlog
C:\Users\sungshin\Desktop\동적할당 0512\160330\Debug\link.6724-cvtres.read.1.tlog
C:\Users\sungshin\Desktop\동적할당 0512\160330\Debug\link.6724-cvtres.write.1.tlog
C:\Users\sungshin\Desktop\동적할당 0512\160330\Debug\link.7796.read.1.tlog
C:\Users\sungshin\Desktop\동적할당 0512\160330\Debug\link.7796.write.1.tlog
C:\Users\sungshin\Desktop\동적할당 0512\160330\Debug\link.7796-cvtres.read.1.tlog
C:\Users\sungshin\Desktop\동적할당 0512\160330\Debug\link.7796-cvtres.write.1.tlog
C:\Users\sungshin\Desktop\동적할당 0512\160330\Debug\link.7820.read.1.tlog
C:\Users\sungshin\Desktop\동적할당 0512\160330\Debug\link.7820.write.1.tlog
C:\Users\sungshin\Desktop\동적할당 0512\160330\Debug\link.7820-cvtres.read.1.tlog
C:\Users\sungshin\Desktop\동적할당 0512\160330\Debug\link.7820-cvtres.write.1.tlog
C:\Users\sungshin\Desktop\동적할당 0512\160330\Debug\link.8092.read.1.tlog
C:\Users\sungshin\Desktop\동적할당 0512\160330\Debug\link.8092.write.1.tlog
C:\Users\sungshin\Desktop\동적할당 0512\160330\Debug\link.8092-cvtres.read.1.tlog
C:\Users\sungshin\Desktop\동적할당 0512\160330\Debug\link.8092-cvtres.write.1.tlog
C:\Users\sungshin\Desktop\동적할당 0512\160330\Debug\link.8256.read.1.tlog
C:\Users\sungshin\Desktop\동적할당 0512\160330\Debug\link.8256.write.1.tlog
C:\Users\sungshin\Desktop\동적할당 0512\160330\Debug\link.8256-cvtres.read.1.tlog
C:\Users\sungshin\Desktop\동적할당 0512\160330\Debug\link.8256-cvtres.write.1.tlog
C:\Users\sungshin\Desktop\동적할당 0512\160330\Debug\link.8660.read.1.tlog
C:\Users\sungshin\Desktop\동적할당 0512\160330\Debug\link.8660.write.1.tlog
C:\Users\sungshin\Desktop\동적할당 0512\160330\Debug\link.8660-cvtres.read.1.tlog
C:\Users\sungshin\Desktop\동적할당 0512\160330\Debug\link.8660-cvtres.write.1.tlog
C:\Users\sungshin\Desktop\동적할당 0512\160330\Debug\link.8908.read.1.tlog
C:\Users\sungshin\Desktop\동적할당 0512\160330\Debug\link.8908.write.1.tlog
C:\Users\sungshin\Desktop\동적할당 0512\160330\Debug\link.8908-cvtres.read.1.tlog
C:\Users\sungshin\Desktop\동적할당 0512\160330\Debug\link.8908-cvtres.write.1.tlog
C:\Users\sungshin\Desktop\동적할당 0512\160330\Debug\link.9036.read.1.tlog
C:\Users\sungshin\Desktop\동적할당 0512\160330\Debug\link.9036.write.1.tlog
C:\Users\sungshin\Desktop\동적할당 0512\160330\Debug\link.9036-cvtres.read.1.tlog
C:\Users\sungshin\Desktop\동적할당 0512\160330\Debug\link.9036-cvtres.write.1.tlog
C:\Users\sungshin\Desktop\동적할당 0512\160330\Debug\link.9208.read.1.tlog
C:\Users\sungshin\Desktop\동적할당 0512\160330\Debug\link.9208.write.1.tlog
C:\Users\sungshin\Desktop\동적할당 0512\160330\Debug\link.9208-cvtres.read.1.tlog
C:\Users\sungshin\Desktop\동적할당 0512\160330\Debug\link.9208-cvtres.write.1.tlog
C:\Users\sungshin\Desktop\동적할당 0512\160330\Debug\link.952.read.1.tlog
C:\Users\sungshin\Desktop\동적할당 0512\160330\Debug\link.952.write.1.tlog
C:\Users\sungshin\Desktop\동적할당 0512\160330\Debug\link.952-cvtres.read.1.tlog
C:\Users\sungshin\Desktop\동적할당 0512\160330\Debug\link.952-cvtres.write.1.tlog
C:\Users\sungshin\Desktop\동적할당 0512\160330\Debug\link.command.1.tlog
C:\Users\sungshin\Desktop\동적할당 0512\160330\Debug\link.read.1.tlog
C:\Users\sungshin\Desktop\동적할당 0512\160330\Debug\link.write.1.tlog
C:\Users\sungshin\Desktop\동적할당 0512\160330\Debug\link-cvtres.read.1.tlog
C:\Users\sungshin\Desktop\동적할당 0512\160330\Debug\link-cvtres.write.1.tlog
C:\Users\sungshin\Desktop\동적할당 0512\160330\Debug\MagneticLasso.obj
C:\Users\sungshin\Desktop\동적할당 0512\160330\Debug\Main.obj
C:\Users\sungshin\Desktop\동적할당 0512\160330\Debug\mt.command.1.tlog
C:\Users\sungshin\Desktop\동적할당 0512\160330\Debug\mt.read.1.tlog
C:\Users\sungshin\Desktop\동적할당 0512\160330\Debug\mt.write.1.tlog
C:\Users\sungshin\Desktop\동적할당 0512\160330\Debug\Photo.obj
C:\Users\sungshin\Desktop\동적할당 0512\160330\Debug\rc.command.1.tlog
C:\Users\sungshin\Desktop\동적할당 0512\160330\Debug\rc.read.1.tlog
C:\Users\sungshin\Desktop\동적할당 0512\160330\Debug\rc.write.1.tlog
C:\Users\sungshin\Desktop\동적할당 0512\160330\Debug\Skill.obj
C:\Users\sungshin\Desktop\동적할당 0512\160330\Debug\vc100.idb
C:\Users\sungshin\Desktop\동적할당 0512\160330\Debug\vc100.pdb
C:\Users\sungshin\Desktop\동적할당 0512\Debug\160330.exe
C:\Users\sungshin\Desktop\동적할당 0512\Debug\160330.ilk
C:\Users\sungshin\Desktop\동적할당 0512\Debug\160330.pdb
C:\USERS\SUNGSHIN\DESKTOP\편집 종프 (2)\160330\DEBUG\160330.EXE.EMBED.MANIFEST
C:\USERS\SUNGSHIN\DESKTOP\편집 종프 (2)\160330\DEBUG\160330.EXE.EMBED.MANIFEST.RES
C:\USERS\SUNGSHIN\DESKTOP\편집 종프 (2)\160330\DEBUG\160330.EXE.INTERMEDIATE.MANIFEST
C:\USERS\SUNGSHIN\DESKTOP\편집 종프 (2)\160330\DEBUG\CVEX0101.OBJ
C:\USERS\SUNGSHIN\DESKTOP\편집 종프 (2)\160330\DEBUG\MAIN.OBJ
C:\USERS\SUNGSHIN\DESKTOP\편집 종프 (2)\160330\DEBUG\PHOTO.OBJ
C:\USERS\SUNGSHIN\DESKTOP\편집 종프 (2)\160330\DEBUG\SKILL.OBJ
C:\USERS\SUNGSHIN\DESKTOP\편집 종프 (2)\160330\DEBUG\VC100.PDB
C:\USERS\SUNGSHIN\DESKTOP\편집 종프 (2)\DEBUG\160330.EXE
C:\USERS\SUNGSHIN\DESKTOP\편집 종프 (2)\DEBUG\160330.ILK
C:\USERS\SUNGSHIN\DESKTOP\편집 종프 (2)\DEBUG\160330.PDB
