빌드 시작: 2016-06-15 오후 9:06:17
     1>2 노드의 "C:\Users\JM\Documents\Visual Studio 2010\Projects\texture까지 0519\160330\160330.vcxproj" 프로젝트(build 대상)입니다.
     1>InitializeBuildStatus:
         "AlwaysCreate"이(가) 지정되었기 때문에 "Debug\160330.unsuccessfulbuild"을(를) 만들고 있습니다.
       ClCompile:
         C:\Program Files (x86)\Microsoft Visual Studio 10.0\VC\bin\CL.exe /c /IC:\OpenCV2.4.10\build\include\opencv2 /IC:\OpenCV2.4.10\build\include\opencv /IC:\OpenCV2.4.10\build\include /IC:\OpenCV2.4.10\build /ZI /nologo /W3 /WX- /Od /Oy- /D WIN32 /D _DEBUG /D _CONSOLE /D _UNICODE /D UNICODE /Gm /EHsc /RTC1 /MDd /GS /fp:precise /Zc:wchar_t /Zc:forScope /Fo"Debug\\" /Fd"Debug\vc100.pdb" /Gd /TP /analyze- /errorReport:prompt Texture.cpp
         Texture.cpp
     1>c:\users\jm\documents\visual studio 2010\projects\texture까지 0519\160330\texture.cpp(77): warning C4018: '<' : signed 또는 unsigned가 일치하지 않습니다.
       ManifestResourceCompile:
         모든 출력이 최신 상태입니다.
       Link:
         C:\Program Files (x86)\Microsoft Visual Studio 10.0\VC\bin\link.exe /ERRORREPORT:PROMPT /OUT:"C:\Users\JM\Documents\Visual Studio 2010\Projects\texture까지 0519\Debug\160330.exe" /INCREMENTAL /NOLOGO /LIBPATH:C:\OpenCV2.4.10\build\x86\vc12\lib opencv_core2410d.lib opencv_highgui2410d.lib opencv_imgproc2410d.lib opencv_video2410d.lib opencv_features2d2410d.lib kernel32.lib user32.lib gdi32.lib winspool.lib comdlg32.lib advapi32.lib shell32.lib ole32.lib oleaut32.lib uuid.lib odbc32.lib odbccp32.lib /MANIFEST /ManifestFile:"Debug\160330.exe.intermediate.manifest" /MANIFESTUAC:"level='asInvoker' uiAccess='false'" /DEBUG /PDB:"C:\Users\JM\Documents\Visual Studio 2010\Projects\texture까지 0519\Debug\160330.pdb" /SUBSYSTEM:CONSOLE /TLBID:1 /DYNAMICBASE /NXCOMPAT /IMPLIB:"C:\Users\JM\Documents\Visual Studio 2010\Projects\texture까지 0519\Debug\160330.lib" /MACHINE:X86 Debug\160330.exe.embed.manifest.res
         Debug\Binary.obj
         Debug\Color.obj
         Debug\cvEx0101.obj
         Debug\MagneticLasso.obj
         Debug\Main.obj
         Debug\Photo.obj
         Debug\Skill.obj
         Debug\Skin.obj
         Debug\Texture.obj
       Manifest:
         C:\Program Files (x86)\Microsoft SDKs\Windows\v7.0A\bin\mt.exe /nologo /verbose /out:"Debug\160330.exe.embed.manifest" /manifest Debug\160330.exe.intermediate.manifest
         모든 출력이 최신 상태입니다.
       LinkEmbedManifest:
         모든 출력이 최신 상태입니다.
         160330.vcxproj -> C:\Users\JM\Documents\Visual Studio 2010\Projects\texture까지 0519\Debug\160330.exe
       FinalizeBuildStatus:
         "Debug\160330.unsuccessfulbuild" 파일을 삭제하고 있습니다.
         "Debug\160330.lastbuildstate"에 연결(touching)하고 있습니다.
     1>"C:\Users\JM\Documents\Visual Studio 2010\Projects\texture까지 0519\160330\160330.vcxproj" 프로젝트를 빌드했습니다(build 대상).

빌드했습니다.

경과 시간: 00:00:02.45
